<?xml version="1.0" encoding="UTF-8"?>
<!-- Generated by org.testng.reporters.JUnitReportReporter -->
<testsuite hostname="DESKTOP-UOBQJ46" failures="0" tests="1" name="MobileTesting.Appium.MobileBrowserTest" time="10.465" errors="0" timestamp="27 Sep 2024 19:41:21 GMT" skipped="0">
  <testcase classname="MobileTesting.Appium.MobileBrowserTest" name="browserTest" time="10.465"/>
</testsuite> <!-- MobileTesting.Appium.MobileBrowserTest -->
