<?xml version="1.0" encoding="UTF-8"?>
<!-- Generated by org.testng.reporters.JUnitReportReporter -->
<testsuite hostname="DESKTOP-UOBQJ46" failures="0" tests="1" name="MobileTesting.Appium.ECommerce_TC_1" time="14.702" errors="0" timestamp="25 Sep 2024 16:21:54 GMT" skipped="0">
  <testcase classname="MobileTesting.Appium.ECommerce_TC_1" name="fillForm" time="14.702"/>
</testsuite> <!-- MobileTesting.Appium.ECommerce_TC_1 -->
