<?xml version="1.0" encoding="UTF-8"?>
<!-- Generated by org.testng.reporters.JUnitReportReporter -->
<testsuite hostname="DESKTOP-UOBQJ46" failures="0" tests="1" name="MobileTesting.Appium.ScrollDemo" time="19.167" errors="0" timestamp="23 Sep 2024 00:45:59 GMT" skipped="0">
  <testcase classname="MobileTesting.Appium.ScrollDemo" name="scrollDownTest" time="19.167"/>
</testsuite> <!-- MobileTesting.Appium.ScrollDemo -->
