<?xml version="1.0" encoding="UTF-8"?>
<!-- Generated by org.testng.reporters.JUnitReportReporter -->
<testsuite hostname="DESKTOP-UOBQJ46" failures="0" tests="1" name="MobileTesting.Appium.DragAndDropDemo" time="9.543" errors="0" timestamp="23 Sep 2024 03:13:10 GMT" skipped="0">
  <testcase classname="MobileTesting.Appium.DragAndDropDemo" name="swipeDemoTest" time="9.543"/>
</testsuite> <!-- MobileTesting.Appium.DragAndDropDemo -->
