<?xml version="1.0" encoding="UTF-8"?>
<!-- Generated by org.testng.reporters.JUnitReportReporter -->
<testsuite hostname="DESKTOP-UOBQJ46" failures="0" tests="1" name="MobileTesting.Appium.AppiumBasics" time="17.077" errors="0" timestamp="20 Sep 2024 16:14:23 GMT" skipped="0">
  <testcase classname="MobileTesting.Appium.AppiumBasics" name="AppiumTest" time="17.077"/>
</testsuite> <!-- MobileTesting.Appium.AppiumBasics -->
