<?xml version="1.0" encoding="UTF-8"?>
<!-- Generated by org.testng.reporters.JUnitReportReporter -->
<testsuite hostname="DESKTOP-UOBQJ46" failures="0" tests="1" name="MobileTesting.Appium.LongPress" time="16.925" errors="0" timestamp="21 Sep 2024 06:50:13 GMT" skipped="0">
  <testcase classname="MobileTesting.Appium.LongPress" name="LongPressGesture" time="16.925"/>
</testsuite> <!-- MobileTesting.Appium.LongPress -->
