<?xml version="1.0" encoding="UTF-8"?>
<!-- Generated by org.testng.reporters.JUnitReportReporter -->
<testsuite hostname="DESKTOP-UOBQJ46" failures="0" tests="1" name="framework.EndToEndGeneralStoreTest" time="63.963" errors="0" timestamp="28 Sep 2024 06:17:55 GMT" skipped="0">
  <testcase classname="framework.EndToEndGeneralStoreTest" name="hybridAppTest" time="63.963"/>
</testsuite> <!-- framework.EndToEndGeneralStoreTest -->
