<?xml version="1.0" encoding="UTF-8"?>
<!-- Generated by org.testng.reporters.JUnitReportReporter -->
<testsuite hostname="DESKTOP-UOBQJ46" failures="0" tests="1" name="MobileTesting.Appium.ECommerce_TC_2" time="31.916" errors="0" timestamp="27 Sep 2024 00:19:43 GMT" skipped="0">
  <testcase classname="MobileTesting.Appium.ECommerce_TC_2" name="searchProduct" time="31.916"/>
</testsuite> <!-- MobileTesting.Appium.ECommerce_TC_2 -->
