<?xml version="1.0" encoding="UTF-8"?>
<!-- Generated by org.testng.reporters.JUnitReportReporter -->
<testsuite hostname="DESKTOP-UOBQJ46" failures="0" tests="1" name="MobileTesting.Appium.LongPress" time="16.308" errors="0" timestamp="23 Sep 2024 00:11:57 GMT" skipped="0">
  <testcase classname="MobileTesting.Appium.LongPress" name="LongPressGesture" time="16.308"/>
</testsuite> <!-- MobileTesting.Appium.LongPress -->
