<?xml version="1.0" encoding="UTF-8"?>
<!-- Generated by org.testng.reporters.JUnitReportReporter -->
<testsuite hostname="DESKTOP-UOBQJ46" failures="0" tests="1" name="MobileTesting.Appium.ECommerce_TC_4" time="60.331" errors="0" timestamp="27 Sep 2024 12:15:59 GMT" skipped="0">
  <testcase classname="MobileTesting.Appium.ECommerce_TC_4" name="hybridAppTest" time="60.331"/>
</testsuite> <!-- MobileTesting.Appium.ECommerce_TC_4 -->
