<?xml version="1.0" encoding="UTF-8"?>
<!-- Generated by org.testng.reporters.JUnitReportReporter -->
<testsuite hostname="DESKTOP-UOBQJ46" failures="0" tests="1" name="MobileTesting.Appium.ECommerce_TC_3" time="29.015" errors="0" timestamp="27 Sep 2024 04:06:58 GMT" skipped="0">
  <testcase classname="MobileTesting.Appium.ECommerce_TC_3" name="verifyPurchaseAmount" time="29.015"/>
</testsuite> <!-- MobileTesting.Appium.ECommerce_TC_3 -->
