<?xml version="1.0" encoding="UTF-8"?>
<!-- Generated by org.testng.reporters.JUnitReportReporter -->
<testsuite hostname="DESKTOP-UOBQJ46" failures="0" tests="1" name="MobileTesting.Appium.SwipeDemo" time="11.734" errors="0" timestamp="23 Sep 2024 01:21:42 GMT" skipped="0">
  <testcase classname="MobileTesting.Appium.SwipeDemo" name="swipeDemoTest" time="11.734"/>
</testsuite> <!-- MobileTesting.Appium.SwipeDemo -->
